C:\lscc\radiant\2023.2\synpbase\bin64\c_hdl.exe  -osyn  C:\Users\javos\workspace\DualCore\impl_1\synwork\DualCore_impl_1_comp.srs  -top  DualCore  -hdllog  C:\Users\javos\workspace\DualCore\impl_1\synlog\DualCore_impl_1_compiler.srr  -encrypt  -mp  4  -verification_mode 0  -vhdl  -prodtype  synplify_pro  -dspmac -fixsmult -infer_seqShift -nram -sdff_counter -divnmod -nostructver  -lattice  -encrypt  -pro  -dmgen  C:\Users\javos\workspace\DualCore\impl_1\dm  -lite -ui -fid2 -ram -sharing on -ll 2000 -autosm  -work_is_curlib 0  -ignore_undefined_lib  -lib pmi C:\lscc\radiant\2023.2\ip\pmi\pmi_lfd2nx.vhd  -verilog  -prodtype  synplify_pro  -dspmac -fixsmult -infer_seqShift -nram -sdff_counter -divnmod -nostructver  -lattice   -I C:\Users\javos\workspace\DualCore  -I C:\Users\javos\workspace\DualCore\DualCore\lib\latticesemi.com\ip\cpu0\2.5.0  -I C:\Users\javos\workspace\DualCore\DualCore\lib\latticesemi.com\ip\cpu1\2.5.0  -I C:\Users\javos\workspace\DualCore\DualCore\lib\latticesemi.com\ip\dualport\2.1.0  -I C:\Users\javos\workspace\DualCore\DualCore\lib\latticesemi.com\ip\gpio0\1.6.1  -I C:\Users\javos\workspace\DualCore\DualCore\lib\latticesemi.com\ip\gpio1\1.6.2  -I C:\Users\javos\workspace\DualCore\DualCore\lib\latticesemi.com\ip\sysmem0\2.1.0  -I C:\Users\javos\workspace\DualCore\DualCore\lib\latticesemi.com\ip\sysmem1\2.1.0  -I C:\Users\javos\workspace\DualCore\DualCore\lib\latticesemi.com\ip\uart0\1.3.0  -I C:\Users\javos\workspace\DualCore\DualCore\lib\latticesemi.com\module\ahbl0\1.3.0  -I C:\Users\javos\workspace\DualCore\DualCore\lib\latticesemi.com\module\ahbl1\1.3.0  -I C:\Users\javos\workspace\DualCore\DualCore\lib\latticesemi.com\module\ahbl2abp1\1.1.0  -I C:\Users\javos\workspace\DualCore\DualCore\lib\latticesemi.com\module\ahbl2apb0\1.1.0  -I C:\Users\javos\workspace\DualCore\DualCore\lib\latticesemi.com\module\apb0\1.2.0  -I C:\Users\javos\workspace\DualCore\DualCore\lib\latticesemi.com\module\osc0\1.4.0  -I C:\Users\javos\workspace\DualCore\DualCore\lib\latticesemi.com\module\pll0\1.8.0  -I C:\Users\javos\workspace\DualCore\impl_1\  -I C:\lscc\radiant\2023.2\synpbase\lib   -v2001  -devicelib  C:\lscc\radiant\2023.2\synpbase\lib\lucent\lfd2nx.v  -devicelib  C:\lscc\radiant\2023.2\synpbase\lib\lucent\pmi_def.v  -encrypt  -pro  -dmgen  C:\Users\javos\workspace\DualCore\impl_1\dm  -ui -fid2 -ram -sharing on -ll 2000 -autosm  -D_MULTIPLE_FILE_COMPILATION_UNIT_  -lib work C:\lscc\radiant\2023.2\ip\pmi\pmi_lfd2nx.v -lib work -fv2001 C:\Users\javos\workspace\DualCore\DualCore\lib\latticesemi.com\ip\sysmem0\2.1.0\rtl\sysmem0.v -lib work -fv2001 C:\Users\javos\workspace\DualCore\DualCore\lib\latticesemi.com\ip\dualport\2.1.0\rtl\dualport.v -lib work -fv2001 C:\Users\javos\workspace\DualCore\DualCore\lib\latticesemi.com\module\ahbl0\1.3.0\rtl\ahbl0.v -lib work -fv2001 C:\Users\javos\workspace\DualCore\DualCore\lib\latticesemi.com\ip\uart0\1.3.0\rtl\uart0.v -lib work -fv2001 C:\Users\javos\workspace\DualCore\DualCore\lib\latticesemi.com\ip\gpio0\1.6.1\rtl\gpio0.v -lib work -fv2001 C:\Users\javos\workspace\DualCore\DualCore\lib\latticesemi.com\module\pll0\1.8.0\rtl\pll0.v -lib work -fv2001 C:\Users\javos\workspace\DualCore\DualCore\lib\latticesemi.com\ip\cpu0\2.5.0\rtl\cpu0.v -lib work -fv2001 C:\Users\javos\workspace\DualCore\DualCore\lib\latticesemi.com\module\apb0\1.2.0\rtl\apb0.v -lib work -fv2001 C:\Users\javos\workspace\DualCore\DualCore\lib\latticesemi.com\module\osc0\1.4.0\rtl\osc0.v -lib work -fv2001 C:\Users\javos\workspace\DualCore\DualCore\DualCore.v -lib work -fv2001 C:\Users\javos\workspace\DualCore\DualCore\lib\latticesemi.com\module\ahbl2apb0\1.1.0\rtl\ahbl2apb0.v -lib work -fv2001 C:\Users\javos\workspace\DualCore\DualCore\lib\latticesemi.com\ip\sysmem1\2.1.0\rtl\sysmem1.v -lib work -fv2001 C:\Users\javos\workspace\DualCore\DualCore\lib\latticesemi.com\ip\cpu1\2.5.0\rtl\cpu1.v -lib work -fv2001 C:\Users\javos\workspace\DualCore\DualCore\lib\latticesemi.com\module\ahbl1\1.3.0\rtl\ahbl1.v -lib work -fv2001 C:\Users\javos\workspace\DualCore\DualCore\lib\latticesemi.com\module\ahbl2abp1\1.1.0\rtl\ahbl2abp1.v -lib work -fv2001 C:\Users\javos\workspace\DualCore\DualCore\lib\latticesemi.com\ip\gpio1\1.6.2\rtl\gpio1.v  -jobname  "compiler" 
relcom:..\..\..\..\..\..\lscc\radiant\2023.2\synpbase\bin64\c_hdl.exe -osyn ..\synwork\DualCore_impl_1_comp.srs -top DualCore -hdllog ..\synlog\DualCore_impl_1_compiler.srr -encrypt -mp 4 -verification_mode 0 -vhdl -prodtype synplify_pro -dspmac -fixsmult -infer_seqShift -nram -sdff_counter -divnmod -nostructver -lattice -encrypt -pro -dmgen ..\dm -lite -ui -fid2 -ram -sharing on -ll 2000 -autosm -work_is_curlib 0 -ignore_undefined_lib -lib pmi ..\..\..\..\..\..\lscc\radiant\2023.2\ip\pmi\pmi_lfd2nx.vhd -verilog -prodtype synplify_pro -dspmac -fixsmult -infer_seqShift -nram -sdff_counter -divnmod -nostructver -lattice -I ..\..\..\DualCore -I ..\..\DualCore\lib\latticesemi.com\ip\cpu0\2.5.0 -I ..\..\DualCore\lib\latticesemi.com\ip\cpu1\2.5.0 -I ..\..\DualCore\lib\latticesemi.com\ip\dualport\2.1.0 -I ..\..\DualCore\lib\latticesemi.com\ip\gpio0\1.6.1 -I ..\..\DualCore\lib\latticesemi.com\ip\gpio1\1.6.2 -I ..\..\DualCore\lib\latticesemi.com\ip\sysmem0\2.1.0 -I ..\..\DualCore\lib\latticesemi.com\ip\sysmem1\2.1.0 -I ..\..\DualCore\lib\latticesemi.com\ip\uart0\1.3.0 -I ..\..\DualCore\lib\latticesemi.com\module\ahbl0\1.3.0 -I ..\..\DualCore\lib\latticesemi.com\module\ahbl1\1.3.0 -I ..\..\DualCore\lib\latticesemi.com\module\ahbl2abp1\1.1.0 -I ..\..\DualCore\lib\latticesemi.com\module\ahbl2apb0\1.1.0 -I ..\..\DualCore\lib\latticesemi.com\module\apb0\1.2.0 -I ..\..\DualCore\lib\latticesemi.com\module\osc0\1.4.0 -I ..\..\DualCore\lib\latticesemi.com\module\pll0\1.8.0 -I ..\ -I ..\..\..\..\..\..\lscc\radiant\2023.2\synpbase\lib -v2001 -devicelib ..\..\..\..\..\..\lscc\radiant\2023.2\synpbase\lib\lucent\lfd2nx.v -devicelib ..\..\..\..\..\..\lscc\radiant\2023.2\synpbase\lib\lucent\pmi_def.v -encrypt -pro -dmgen ..\dm -ui -fid2 -ram -sharing on -ll 2000 -autosm -D_MULTIPLE_FILE_COMPILATION_UNIT_ -lib work ..\..\..\..\..\..\lscc\radiant\2023.2\ip\pmi\pmi_lfd2nx.v -lib work -fv2001 ..\..\DualCore\lib\latticesemi.com\ip\sysmem0\2.1.0\rtl\sysmem0.v -lib work -fv2001 ..\..\DualCore\lib\latticesemi.com\ip\dualport\2.1.0\rtl\dualport.v -lib work -fv2001 ..\..\DualCore\lib\latticesemi.com\module\ahbl0\1.3.0\rtl\ahbl0.v -lib work -fv2001 ..\..\DualCore\lib\latticesemi.com\ip\uart0\1.3.0\rtl\uart0.v -lib work -fv2001 ..\..\DualCore\lib\latticesemi.com\ip\gpio0\1.6.1\rtl\gpio0.v -lib work -fv2001 ..\..\DualCore\lib\latticesemi.com\module\pll0\1.8.0\rtl\pll0.v -lib work -fv2001 ..\..\DualCore\lib\latticesemi.com\ip\cpu0\2.5.0\rtl\cpu0.v -lib work -fv2001 ..\..\DualCore\lib\latticesemi.com\module\apb0\1.2.0\rtl\apb0.v -lib work -fv2001 ..\..\DualCore\lib\latticesemi.com\module\osc0\1.4.0\rtl\osc0.v -lib work -fv2001 ..\..\DualCore\DualCore.v -lib work -fv2001 ..\..\DualCore\lib\latticesemi.com\module\ahbl2apb0\1.1.0\rtl\ahbl2apb0.v -lib work -fv2001 ..\..\DualCore\lib\latticesemi.com\ip\sysmem1\2.1.0\rtl\sysmem1.v -lib work -fv2001 ..\..\DualCore\lib\latticesemi.com\ip\cpu1\2.5.0\rtl\cpu1.v -lib work -fv2001 ..\..\DualCore\lib\latticesemi.com\module\ahbl1\1.3.0\rtl\ahbl1.v -lib work -fv2001 ..\..\DualCore\lib\latticesemi.com\module\ahbl2abp1\1.1.0\rtl\ahbl2abp1.v -lib work -fv2001 ..\..\DualCore\lib\latticesemi.com\ip\gpio1\1.6.2\rtl\gpio1.v -jobname "compiler"
rc:0 success:1 runtime:39
file:..\synwork\dualcore_impl_1_comp.srs|io:o|time:1719499514|size:1832970|exec:0|csum:
file:..\synlog\dualcore_impl_1_compiler.srr|io:o|time:1719499514|size:10650322|exec:0|csum:
file:..\..\..\..\..\..\lscc\radiant\2023.2\ip\pmi\pmi_lfd2nx.vhd|io:i|time:1648540023|size:22204|exec:0|csum:832532867D744757DCEF5D8E10432414
file:..\..\..\..\..\..\lscc\radiant\2023.2\synpbase\lib\lucent\lfd2nx.v|io:i|time:1711013466|size:1183511|exec:0|csum:6404D7A06139938CCA89B9F1EFDE1C54
file:..\..\..\..\..\..\lscc\radiant\2023.2\synpbase\lib\lucent\pmi_def.v|io:i|time:1709958283|size:40584|exec:0|csum:62845CEC2BB6FEBE1BA059B1E18015F4
file:..\..\..\..\..\..\lscc\radiant\2023.2\ip\pmi\pmi_lfd2nx.v|io:i|time:1589160700|size:564|exec:0|csum:AE8E17412737F4886D7C75CC4044E0BB
file:.\-fv2001|io:i|time:0|size:-1|exec:0|csum:
file:..\..\dualcore\lib\latticesemi.com\ip\sysmem0\2.1.0\rtl\sysmem0.v|io:i|time:1719499217|size:963973|exec:0|csum:9789AB09B29AE47525A78F6A43DF6243
file:.\-fv2001|io:i|time:0|size:-1|exec:0|csum:
file:..\..\dualcore\lib\latticesemi.com\ip\dualport\2.1.0\rtl\dualport.v|io:i|time:1719484785|size:880052|exec:0|csum:E1F24BA1DA747FF7DC5B356DA093C703
file:.\-fv2001|io:i|time:0|size:-1|exec:0|csum:
file:..\..\dualcore\lib\latticesemi.com\module\ahbl0\1.3.0\rtl\ahbl0.v|io:i|time:1719478940|size:426814|exec:0|csum:C062F410242CF24667F9A2850848BF0F
file:.\-fv2001|io:i|time:0|size:-1|exec:0|csum:
file:..\..\dualcore\lib\latticesemi.com\ip\uart0\1.3.0\rtl\uart0.v|io:i|time:1719478824|size:132327|exec:0|csum:EF11C61F3BEF8DCB0982F6673ECD1715
file:.\-fv2001|io:i|time:0|size:-1|exec:0|csum:
file:..\..\dualcore\lib\latticesemi.com\ip\gpio0\1.6.1\rtl\gpio0.v|io:i|time:1684734490|size:54521|exec:0|csum:3F2A3D594829643281B9073D8FEEE79C
file:.\-fv2001|io:i|time:0|size:-1|exec:0|csum:
file:..\..\dualcore\lib\latticesemi.com\module\pll0\1.8.0\rtl\pll0.v|io:i|time:1719478816|size:87584|exec:0|csum:257B6B39E3101C0DA80C7C261C65433C
file:.\-fv2001|io:i|time:0|size:-1|exec:0|csum:
file:..\..\dualcore\lib\latticesemi.com\ip\cpu0\2.5.0\rtl\cpu0.v|io:i|time:1719478809|size:6141205|exec:0|csum:11D7E560935981370E7A10E542496368
file:.\-fv2001|io:i|time:0|size:-1|exec:0|csum:
file:..\..\dualcore\lib\latticesemi.com\module\apb0\1.2.0\rtl\apb0.v|io:i|time:1684734501|size:189196|exec:0|csum:ACAB4C7A08481EAAA86FEC64DED32CC2
file:.\-fv2001|io:i|time:0|size:-1|exec:0|csum:
file:..\..\dualcore\lib\latticesemi.com\module\osc0\1.4.0\rtl\osc0.v|io:i|time:1719478820|size:8134|exec:0|csum:F2C2289EC34022D08A6155FDB124507B
file:.\-fv2001|io:i|time:0|size:-1|exec:0|csum:
file:..\..\dualcore\dualcore.v|io:i|time:1719499439|size:38876|exec:0|csum:90C80EE5C19E158BA628A038746C9CB2
file:.\-fv2001|io:i|time:0|size:-1|exec:0|csum:
file:..\..\dualcore\lib\latticesemi.com\module\ahbl2apb0\1.1.0\rtl\ahbl2apb0.v|io:i|time:1684734499|size:27819|exec:0|csum:43B517C9613F6FF2EB403C8FCAC4A6BC
file:.\-fv2001|io:i|time:0|size:-1|exec:0|csum:
file:..\..\dualcore\lib\latticesemi.com\ip\sysmem1\2.1.0\rtl\sysmem1.v|io:i|time:1719499233|size:963973|exec:0|csum:B873969641CD542A274A33524A676730
file:.\-fv2001|io:i|time:0|size:-1|exec:0|csum:
file:..\..\dualcore\lib\latticesemi.com\ip\cpu1\2.5.0\rtl\cpu1.v|io:i|time:1719484536|size:6141205|exec:0|csum:D146234DFB604EB3D82C3AB2DA8BB7EB
file:.\-fv2001|io:i|time:0|size:-1|exec:0|csum:
file:..\..\dualcore\lib\latticesemi.com\module\ahbl1\1.3.0\rtl\ahbl1.v|io:i|time:1719491966|size:426814|exec:0|csum:4867D09E900B23EDF0061F7C17E1E057
file:.\-fv2001|io:i|time:0|size:-1|exec:0|csum:
file:..\..\dualcore\lib\latticesemi.com\module\ahbl2abp1\1.1.0\rtl\ahbl2abp1.v|io:i|time:1719491944|size:32445|exec:0|csum:17DD72E63A68365F9453A731761D6308
file:.\-fv2001|io:i|time:0|size:-1|exec:0|csum:
file:..\..\dualcore\lib\latticesemi.com\ip\gpio1\1.6.2\rtl\gpio1.v|io:i|time:1719492414|size:53651|exec:0|csum:F96DC940DC012644B005E74D4968DC3D
file:..\..\..\..\..\..\lscc\radiant\2023.2\synpbase\bin64\c_hdl.exe|io:i|time:1709958259|size:7462400|exec:1|csum:60972623210ACA0AE25CB36BDD121232
